<?xml version="1.0" encoding="UTF-8"?>
<!-- Generated by org.testng.reporters.JUnitReportReporter -->
<testsuite hostname="MKSGROUP" failures="0" tests="1" name="com.SwagLab.testScripts.ProductOrder" time="37.642" errors="0" timestamp="2024-05-23T10:36:07 IST" skipped="0">
  <testcase classname="com.SwagLab.testScripts.ProductOrder" name="productOrder" time="37.642"/>
  <system-out/>
</testsuite> <!-- com.SwagLab.testScripts.ProductOrder -->
